This is XeTeX, Version 3.141592653-2.6-0.999993 (TeX Live 2021/W32TeX) (preloaded format=xelatex 2021.4.12)  18 APR 2021 20:00
entering extended mode
 restricted \write18 enabled.
 %&-line parsing enabled.
**bookdown.tex
(./bookdown.tex
LaTeX2e <2020-10-01> patch level 4
L3 programming layer <2021-02-18>

! LaTeX Error: File `ctexbook.cls' not found.

Type X to quit or <RETURN> to proceed,
or enter new name. (Default extension: cls)

Enter file name: 
! Emergency stop.
<read *> 
         
l.2 \usepackage
               {lmodern}^^M 
Here is how much of TeX's memory you used:
 20 strings out of 478918
 356 string characters out of 5864811
 284550 words of memory out of 5000000
 19989 multiletter control sequences out of 15000+600000
 403430 words of font info for 27 fonts, out of 8000000 for 9000
 14 hyphenation exceptions out of 8191
 32i,0n,39p,70b,13s stack positions out of 5000i,500n,10000p,200000b,80000s

No pages of output.
